<?xml version="1.0" encoding="UTF-8"?>
<robot generator="Robot 3.1.2 (Python 3.7.6 on linux)" generated="20200115 17:04:54.684" rpa="false">
<suite id="s1" name="Tests" source="/opt/robotframework/tests">
<suite id="s1-s1" name="Search" source="/opt/robotframework/tests/search.robot">
<test id="s1-s1-t1" name="search">
<kw name="Run Keywords" library="BuiltIn" type="setup">
<doc>Executes all the given keywords in a sequence.</doc>
<arguments>
<arg>Open Browser</arg>
<arg>http://localhost:8081/</arg>
<arg>${BROWSER}</arg>
<arg>AND</arg>
<arg>Set Selenium Speed</arg>
<arg>${SELSPEED}</arg>
</arguments>
<kw name="Open Browser" library="SeleniumLibrary">
<doc>Opens a new browser instance to the optional ``url``.</doc>
<arguments>
<arg>http://localhost:8081/</arg>
<arg>${BROWSER}</arg>
</arguments>
<msg timestamp="20200115 17:04:54.865" level="INFO">Opening browser 'firefox' to base url 'http://localhost:8081/'.</msg>
<msg timestamp="20200115 17:04:54.866" level="INFO">Firefox driver log is always forced to to: /opt/robotframework/reports/geckodriver-2.log</msg>
<kw name="Capture Page Screenshot" library="SeleniumLibrary">
<doc>Takes a screenshot of the current page and embeds it into a log file.</doc>
<msg timestamp="20200115 17:04:57.467" level="INFO" html="yes">&lt;/td&gt;&lt;/tr&gt;&lt;tr&gt;&lt;td colspan="3"&gt;&lt;a href="selenium-screenshot-2.png"&gt;&lt;img src="selenium-screenshot-2.png" width="800px"&gt;&lt;/a&gt;</msg>
<status status="PASS" starttime="20200115 17:04:57.392" endtime="20200115 17:04:57.468"></status>
</kw>
<msg timestamp="20200115 17:04:57.469" level="FAIL">WebDriverException: Message: Reached error page: about:neterror?e=connectionFailure&amp;u=http%3A//localhost%3A8081/&amp;c=UTF-8&amp;f=regular&amp;d=Firefox%20can%E2%80%99t%20establish%20a%20connection%20to%20the%20server%20at%20localhost%3A8081.
</msg>
<status status="FAIL" starttime="20200115 17:04:54.865" endtime="20200115 17:04:57.469"></status>
</kw>
<status status="FAIL" starttime="20200115 17:04:54.865" endtime="20200115 17:04:57.469"></status>
</kw>
<kw name="Close Browser" library="SeleniumLibrary" type="teardown">
<doc>Closes the current browser.</doc>
<status status="PASS" starttime="20200115 17:04:57.470" endtime="20200115 17:04:58.167"></status>
</kw>
<status status="FAIL" starttime="20200115 17:04:54.864" endtime="20200115 17:04:58.168" critical="yes">Setup failed:
WebDriverException: Message: Reached error page: about:neterror?e=connectionFailure&amp;u=http%3A//localhost%3A8081/&amp;c=UTF-8&amp;f=regular&amp;d=Firefox%20can%E2%80%99t%20establish%20a%20connection%20to%20the%20server%20at%20localhost%3A8081.
</status>
</test>
<status status="FAIL" starttime="20200115 17:04:54.709" endtime="20200115 17:04:58.169"></status>
</suite>
<status status="FAIL" starttime="20200115 17:04:54.685" endtime="20200115 17:04:58.171"></status>
</suite>
<statistics>
<total>
<stat pass="0" fail="1">Critical Tests</stat>
<stat pass="0" fail="1">All Tests</stat>
</total>
<tag>
</tag>
<suite>
<stat pass="0" fail="1" id="s1" name="Tests">Tests</stat>
<stat pass="0" fail="1" id="s1-s1" name="Search">Tests.Search</stat>
</suite>
</statistics>
<errors>
</errors>
</robot>
